<?xml version="1.0" encoding="utf-8"?><testsuites name="pytest tests"><testsuite name="pytest" errors="0" failures="0" skipped="0" tests="14" time="1.683" timestamp="2026-07-01T15:11:39.757604+00:00" hostname="agent-env-41c2bec9-49e0-4405-b92e-889c41f09f58"><testcase classname="tests.backend_test.TestNetwork" name="test_get_network_seeded" time="0.249" /><testcase classname="tests.backend_test.TestWork" name="test_get_all_work_seeded" time="0.309" /><testcase classname="tests.backend_test.TestNetwork" name="test_create_client_no_passcode" time="0.044" /><testcase classname="tests.backend_test.TestNetwork" name="test_create_and_delete_client" time="0.273" /><testcase classname="tests.backend_test.TestWork" name="test_filter_category[thumbnail]" time="0.053" /><testcase classname="tests.backend_test.TestWork" name="test_filter_category[short]" time="0.100" /><testcase classname="tests.backend_test.TestWork" name="test_filter_category[longform]" time="0.092" /><testcase classname="tests.backend_test.TestWork" name="test_filter_category[design]" time="0.088" /><testcase classname="tests.backend_test.TestAdminVerify" name="test_verify_correct" time="0.046" /><testcase classname="tests.backend_test.TestAdminVerify" name="test_verify_wrong" time="0.053" /><testcase classname="tests.backend_test.TestWork" name="test_create_work_no_passcode" time="0.065" /><testcase classname="tests.backend_test.TestWork" name="test_create_work_wrong_passcode" time="0.060" /><testcase classname="tests.backend_test.TestWork" name="test_create_and_delete_work" time="0.245" /><testcase classname="tests.backend_test.TestWork" name="test_delete_nonexistent_work" time="0.058" /></testsuite></testsuites>